# JRE version: Java(TM) SE Runtime Environment (8.0_144-b01) (build 1.8.0_144-b01)
# Java VM: Java HotSpot(TM) 64-Bit Server VM (25.144-b01 mixed mode bsd-amd64 compressed oops)
Heap:
 PSYoungGen      total 116736K, used 86464K [0x00000007b5580000, 0x00000007c0000000, 0x00000007c0000000)
  eden space 58880K, 100% used [0x00000007b5580000,0x00000007b8f00000,0x00000007b8f00000)
  from space 57856K, 47% used [0x00000007bc780000,0x00000007be270000,0x00000007c0000000)
  to   space 57856K, 41% used [0x00000007b8f00000,0x00000007ba670000,0x00000007bc780000)
 ParOldGen       total 202752K, used 101958K [0x00000007a0000000, 0x00000007ac600000, 0x00000007b5580000)
  object space 202752K, 50% used [0x00000007a0000000,0x00000007a6391af8,0x00000007ac600000)
 Metaspace       used 51505K, capacity 54302K, committed 54784K, reserved 1097728K
  class space    used 6864K, capacity 7355K, committed 7424K, reserved 1048576K
GC Heap History (10 events):
Event: 20432.398 GC heap after
Heap after GC invocations=59 (full 2):
 PSYoungGen      total 103424K, used 43040K [0x00000007b5580000, 0x00000007c0000000, 0x00000007c0000000)
  eden space 59904K, 0% used [0x00000007b5580000,0x00000007b5580000,0x00000007b9000000)
  from space 43520K, 98% used [0x00000007b9000000,0x00000007bba08000,0x00000007bba80000)
  to   space 57856K, 0% used [0x00000007bc780000,0x00000007bc780000,0x00000007c0000000)
 ParOldGen       total 102400K, used 82918K [0x00000007a0000000, 0x00000007a6400000, 0x00000007b5580000)
  object space 102400K, 80% used [0x00000007a0000000,0x00000007a50f98b8,0x00000007a6400000)
 Metaspace       used 51663K, capacity 54656K, committed 54784K, reserved 1097728K
  class space    used 6901K, capacity 7414K, committed 7424K, reserved 1048576K
}
Event: 20432.925 GC heap before
{Heap before GC invocations=60 (full 2):
 PSYoungGen      total 103424K, used 102944K [0x00000007b5580000, 0x00000007c0000000, 0x00000007c0000000)
  eden space 59904K, 100% used [0x00000007b5580000,0x00000007b9000000,0x00000007b9000000)
  from space 43520K, 98% used [0x00000007b9000000,0x00000007bba08000,0x00000007bba80000)
  to   space 57856K, 0% used [0x00000007bc780000,0x00000007bc780000,0x00000007c0000000)
 ParOldGen       total 102400K, used 82918K [0x00000007a0000000, 0x00000007a6400000, 0x00000007b5580000)
  object space 102400K, 80% used [0x00000007a0000000,0x00000007a50f98b8,0x00000007a6400000)
 Metaspace       used 51663K, capacity 54656K, committed 54784K, reserved 1097728K
  class space    used 6901K, capacity 7414K, committed 7424K, reserved 1048576K
Event: 20432.985 GC heap after
Heap after GC invocations=60 (full 2):
 PSYoungGen      total 116736K, used 55936K [0x00000007b5580000, 0x00000007c0000000, 0x00000007c0000000)
  eden space 58880K, 0% used [0x00000007b5580000,0x00000007b5580000,0x00000007b8f00000)
  from space 57856K, 96% used [0x00000007bc780000,0x00000007bfe20000,0x00000007c0000000)
  to   space 57856K, 0% used [0x00000007b8f00000,0x00000007b8f00000,0x00000007bc780000)
 ParOldGen       total 102400K, used 82934K [0x00000007a0000000, 0x00000007a6400000, 0x00000007b5580000)
  object space 102400K, 80% used [0x00000007a0000000,0x00000007a50fd8b8,0x00000007a6400000)
 Metaspace       used 51663K, capacity 54656K, committed 54784K, reserved 1097728K
  class space    used 6901K, capacity 7414K, committed 7424K, reserved 1048576K
}
Event: 20433.509 GC heap before
{Heap before GC invocations=61 (full 2):
 PSYoungGen      total 116736K, used 114816K [0x00000007b5580000, 0x00000007c0000000, 0x00000007c0000000)
  eden space 58880K, 100% used [0x00000007b5580000,0x00000007b8f00000,0x00000007b8f00000)
  from space 57856K, 96% used [0x00000007bc780000,0x00000007bfe20000,0x00000007c0000000)
  to   space 57856K, 0% used [0x00000007b8f00000,0x00000007b8f00000,0x00000007bc780000)
 ParOldGen       total 102400K, used 82934K [0x00000007a0000000, 0x00000007a6400000, 0x00000007b5580000)
  object space 102400K, 80% used [0x00000007a0000000,0x00000007a50fd8b8,0x00000007a6400000)
 Metaspace       used 51663K, capacity 54656K, committed 54784K, reserved 1097728K
  class space    used 6901K, capacity 7414K, committed 7424K, reserved 1048576K
Event: 20433.585 GC heap after
Heap after GC invocations=61 (full 2):
 PSYoungGen      total 116736K, used 57856K [0x00000007b5580000, 0x00000007c0000000, 0x00000007c0000000)
  eden space 58880K, 0% used [0x00000007b5580000,0x00000007b5580000,0x00000007b8f00000)
  from space 57856K, 100% used [0x00000007b8f00000,0x00000007bc780000,0x00000007bc780000)
  to   space 57856K, 0% used [0x00000007bc780000,0x00000007bc780000,0x00000007c0000000)
 ParOldGen       total 102400K, used 93654K [0x00000007a0000000, 0x00000007a6400000, 0x00000007b5580000)
  object space 102400K, 91% used [0x00000007a0000000,0x00000007a5b758b8,0x00000007a6400000)
 Metaspace       used 51663K, capacity 54656K, committed 54784K, reserved 1097728K
  class space    used 6901K, capacity 7414K, committed 7424K, reserved 1048576K
}
Event: 20433.585 GC heap before
{Heap before GC invocations=62 (full 3):
 PSYoungGen      total 116736K, used 57856K [0x00000007b5580000, 0x00000007c0000000, 0x00000007c0000000)
  eden space 58880K, 0% used [0x00000007b5580000,0x00000007b5580000,0x00000007b8f00000)
  from space 57856K, 100% used [0x00000007b8f00000,0x00000007bc780000,0x00000007bc780000)
  to   space 57856K, 0% used [0x00000007bc780000,0x00000007bc780000,0x00000007c0000000)
 ParOldGen       total 102400K, used 93654K [0x00000007a0000000, 0x00000007a6400000, 0x00000007b5580000)
  object space 102400K, 91% used [0x00000007a0000000,0x00000007a5b758b8,0x00000007a6400000)
 Metaspace       used 51663K, capacity 54656K, committed 54784K, reserved 1097728K
  class space    used 6901K, capacity 7414K, committed 7424K, reserved 1048576K
Event: 20434.243 GC heap after
Heap after GC invocations=62 (full 3):
 PSYoungGen      total 116736K, used 14835K [0x00000007b5580000, 0x00000007c0000000, 0x00000007c0000000)
  eden space 58880K, 0% used [0x00000007b5580000,0x00000007b5580000,0x00000007b8f00000)
  from space 57856K, 25% used [0x00000007b8f00000,0x00000007b9d7cd60,0x00000007bc780000)
  to   space 57856K, 0% used [0x00000007bc780000,0x00000007bc780000,0x00000007c0000000)
 ParOldGen       total 202752K, used 101958K [0x00000007a0000000, 0x00000007ac600000, 0x00000007b5580000)
  object space 202752K, 50% used [0x00000007a0000000,0x00000007a6391af8,0x00000007ac600000)
 Metaspace       used 51505K, capacity 54302K, committed 54784K, reserved 1097728K
  class space    used 6864K, capacity 7355K, committed 7424K, reserved 1048576K
}
Event: 20434.748 GC heap before
{Heap before GC invocations=63 (full 3):
 PSYoungGen      total 116736K, used 73715K [0x00000007b5580000, 0x00000007c0000000, 0x00000007c0000000)
  eden space 58880K, 100% used [0x00000007b5580000,0x00000007b8f00000,0x00000007b8f00000)
  from space 57856K, 25% used [0x00000007b8f00000,0x00000007b9d7cd60,0x00000007bc780000)
  to   space 57856K, 0% used [0x00000007bc780000,0x00000007bc780000,0x00000007c0000000)
 ParOldGen       total 202752K, used 101958K [0x00000007a0000000, 0x00000007ac600000, 0x00000007b5580000)
  object space 202752K, 50% used [0x00000007a0000000,0x00000007a6391af8,0x00000007ac600000)
 Metaspace       used 51505K, capacity 54302K, committed 54784K, reserved 1097728K
  class space    used 6864K, capacity 7355K, committed 7424K, reserved 1048576K
Event: 20434.794 GC heap after
Heap after GC invocations=63 (full 3):
 PSYoungGen      total 116736K, used 27584K [0x00000007b5580000, 0x00000007c0000000, 0x00000007c0000000)
  eden space 58880K, 0% used [0x00000007b5580000,0x00000007b5580000,0x00000007b8f00000)
  from space 57856K, 47% used [0x00000007bc780000,0x00000007be270000,0x00000007c0000000)
  to   space 57856K, 0% used [0x00000007b8f00000,0x00000007b8f00000,0x00000007bc780000)
 ParOldGen       total 202752K, used 101958K [0x00000007a0000000, 0x00000007ac600000, 0x00000007b5580000)
  object space 202752K, 50% used [0x00000007a0000000,0x00000007a6391af8,0x00000007ac600000)
 Metaspace       used 51505K, capacity 54302K, committed 54784K, reserved 1097728K
  class space    used 6864K, capacity 7355K, committed 7424K, reserved 1048576K
}
Event: 20435.784 GC heap before
{Heap before GC invocations=64 (full 3):
 PSYoungGen      total 116736K, used 86464K [0x00000007b5580000, 0x00000007c0000000, 0x00000007c0000000)
  eden space 58880K, 100% used [0x00000007b5580000,0x00000007b8f00000,0x00000007b8f00000)
  from space 57856K, 47% used [0x00000007bc780000,0x00000007be270000,0x00000007c0000000)
  to   space 57856K, 0% used [0x00000007b8f00000,0x00000007b8f00000,0x00000007bc780000)
 ParOldGen       total 202752K, used 101958K [0x00000007a0000000, 0x00000007ac600000, 0x00000007b5580000)
  object space 202752K, 50% used [0x00000007a0000000,0x00000007a6391af8,0x00000007ac600000)
 Metaspace       used 51505K, capacity 54302K, committed 54784K, reserved 1097728K
  class space    used 6864K, capacity 7355K, committed 7424K, reserved 1048576K

